{"timestamp":"2018-10-27 13:29:54","label":"[eComp]","level":"info","correlationId":"undefined","message":"server started listening to request on port \\\\.\\pipe\\a8e5e3da-ddaf-4e3a-9b2d-0d7d8854c78b"}
{"timestamp":"2018-10-27 13:29:54","label":"[eComp]","level":"info","correlationId":"ab442f76-e5ce-49b3-af53-110869c2489e","message":"Start The Loading at : Sat Oct 27 2018 13:29:54 GMT+0200 (W. Europe Daylight Time)"}
{"timestamp":"2018-10-27 13:29:54","label":"[eComp]","level":"info","correlationId":"ab442f76-e5ce-49b3-af53-110869c2489e","message":"parent file_location:-D:\\Data\\Data Migration\\DM-UTILITY\\inbox/AccountIndustryExperiance1"}
{"timestamp":"2018-10-27 13:29:54","label":"[eComp]","level":"info","correlationId":"ab442f76-e5ce-49b3-af53-110869c2489e","message":"Getting CSV content of :--D:\\Data\\Data Migration\\DM-UTILITY\\inbox/AccountIndustryExperiance1/OSvC_AccIndExp_20181017163139_2960001.csv"}
{"timestamp":"2018-10-27 13:29:54","label":"[eComp]","level":"info","correlationId":"ab442f76-e5ce-49b3-af53-110869c2489e","message":"Getting CSV content of :--D:\\Data\\Data Migration\\DM-UTILITY\\inbox/AccountIndustryExperiance1/OSvC_AccIndExp_20181017163139_2970001.csv"}
{"timestamp":"2018-10-27 13:29:54","label":"[eComp]","level":"info","correlationId":"ab442f76-e5ce-49b3-af53-110869c2489e","message":"Getting CSV content of :--D:\\Data\\Data Migration\\DM-UTILITY\\inbox/AccountIndustryExperiance1/OSvC_AccIndExp_20181017163139_2975001.csv"}
{"timestamp":"2018-10-27 13:29:54","label":"[eComp]","level":"info","correlationId":"ab442f76-e5ce-49b3-af53-110869c2489e","message":"Getting CSV content of :--D:\\Data\\Data Migration\\DM-UTILITY\\inbox/AccountIndustryExperiance1/OSvC_AccIndExp_20181017163139_2980001.csv"}
{"timestamp":"2018-10-27 13:29:55","label":"[eComp]","level":"info","correlationId":"ab442f76-e5ce-49b3-af53-110869c2489e","message":"We are in End Function"}
{"timestamp":"2018-10-27 13:29:55","label":"[eComp]","level":"info","correlationId":"ab442f76-e5ce-49b3-af53-110869c2489e","message":"Starting uploading CSV of --OSvC_AccIndExp_20181017163139_2970001.csv"}
{"timestamp":"2018-10-27 13:29:55","label":"[eComp]","level":"info","correlationId":"ab442f76-e5ce-49b3-af53-110869c2489e","message":"A file Processing to data base running for......OSvC_AccIndExp_20181017163139_2970001.csv"}
{"timestamp":"2018-10-27 13:29:57","label":"[eComp]","level":"info","correlationId":"ab442f76-e5ce-49b3-af53-110869c2489e","message":"We are in End Function"}
{"timestamp":"2018-10-27 13:29:57","label":"[eComp]","level":"info","correlationId":"ab442f76-e5ce-49b3-af53-110869c2489e","message":"Starting uploading CSV of --OSvC_AccIndExp_20181017163139_2960001.csv"}
{"timestamp":"2018-10-27 13:29:57","label":"[eComp]","level":"info","correlationId":"ab442f76-e5ce-49b3-af53-110869c2489e","message":"A file Processing to data base running for......OSvC_AccIndExp_20181017163139_2960001.csv"}
{"timestamp":"2018-10-27 13:29:57","label":"[eComp]","level":"info","correlationId":"ab442f76-e5ce-49b3-af53-110869c2489e","message":"We are in End Function"}
{"timestamp":"2018-10-27 13:29:57","label":"[eComp]","level":"info","correlationId":"ab442f76-e5ce-49b3-af53-110869c2489e","message":"Starting uploading CSV of --OSvC_AccIndExp_20181017163139_2975001.csv"}
{"timestamp":"2018-10-27 13:29:57","label":"[eComp]","level":"info","correlationId":"ab442f76-e5ce-49b3-af53-110869c2489e","message":"A file Processing to data base running for......OSvC_AccIndExp_20181017163139_2975001.csv"}
{"timestamp":"2018-10-27 13:29:59","label":"[eComp]","level":"info","correlationId":"ab442f76-e5ce-49b3-af53-110869c2489e","message":"We are in End Function"}
{"timestamp":"2018-10-27 13:29:59","label":"[eComp]","level":"info","correlationId":"ab442f76-e5ce-49b3-af53-110869c2489e","message":"Starting uploading CSV of --OSvC_AccIndExp_20181017163139_2980001.csv"}
{"timestamp":"2018-10-27 13:29:59","label":"[eComp]","level":"info","correlationId":"ab442f76-e5ce-49b3-af53-110869c2489e","message":"A file Processing to data base running for......OSvC_AccIndExp_20181017163139_2980001.csv"}
{"timestamp":"2018-10-27 13:35:42","label":"[eComp]","level":"info","correlationId":"ab442f76-e5ce-49b3-af53-110869c2489e","message":"All files have been processed successfully"}
{"timestamp":"2018-10-27 13:35:42","label":"[eComp]","level":"info","correlationId":"ab442f76-e5ce-49b3-af53-110869c2489e","message":"updating logs for  --D:\\Data\\Data Migration\\DM-UTILITY\\inbox/AccountIndustryExperiance1/OSvC_AccIndExp_20181017163139_2970001.csv"}
{"timestamp":"2018-10-27 13:35:42","label":"[eComp]","level":"info","correlationId":"ab442f76-e5ce-49b3-af53-110869c2489e","message":"Logs written and Done for -->D:\\Data\\Data Migration\\DM-UTILITY\\inbox/AccountIndustryExperiance1/OSvC_AccIndExp_20181017163139_2970001.csv"}
{"timestamp":"2018-10-27 13:35:42","label":"[eComp]","level":"info","correlationId":"ab442f76-e5ce-49b3-af53-110869c2489e","message":"Moving processed file"}
{"timestamp":"2018-10-27 13:35:42","label":"[eComp]","level":"info","correlationId":"ab442f76-e5ce-49b3-af53-110869c2489e","message":"Successfully Moved:--OSvC_AccIndExp_20181017163139_2970001.csv from -D:\\Data\\Data Migration\\DM-UTILITY\\inbox\\AccountIndustryExperiance1\\OSvC_AccIndExp_20181017163139_2970001.csv to ->D:\\Data\\Data Migration\\DM-UTILITY\\outbox\\AccountIndustryExperiance1\\OSvC_AccIndExp_20181017163139_2970001.csv"}
{"timestamp":"2018-10-27 13:41:19","label":"[eComp]","level":"info","correlationId":"ab442f76-e5ce-49b3-af53-110869c2489e","message":"All files have been processed successfully"}
{"timestamp":"2018-10-27 13:41:19","label":"[eComp]","level":"info","correlationId":"ab442f76-e5ce-49b3-af53-110869c2489e","message":"updating logs for  --D:\\Data\\Data Migration\\DM-UTILITY\\inbox/AccountIndustryExperiance1/OSvC_AccIndExp_20181017163139_2960001.csv"}
{"timestamp":"2018-10-27 13:41:19","label":"[eComp]","level":"info","correlationId":"ab442f76-e5ce-49b3-af53-110869c2489e","message":"Logs written and Done for -->D:\\Data\\Data Migration\\DM-UTILITY\\inbox/AccountIndustryExperiance1/OSvC_AccIndExp_20181017163139_2960001.csv"}
{"timestamp":"2018-10-27 13:41:19","label":"[eComp]","level":"info","correlationId":"ab442f76-e5ce-49b3-af53-110869c2489e","message":"Moving processed file"}
{"timestamp":"2018-10-27 13:41:19","label":"[eComp]","level":"info","correlationId":"ab442f76-e5ce-49b3-af53-110869c2489e","message":"Successfully Moved:--OSvC_AccIndExp_20181017163139_2960001.csv from -D:\\Data\\Data Migration\\DM-UTILITY\\inbox\\AccountIndustryExperiance1\\OSvC_AccIndExp_20181017163139_2960001.csv to ->D:\\Data\\Data Migration\\DM-UTILITY\\outbox\\AccountIndustryExperiance1\\OSvC_AccIndExp_20181017163139_2960001.csv"}
{"timestamp":"2018-10-27 13:46:54","label":"[eComp]","level":"info","correlationId":"ab442f76-e5ce-49b3-af53-110869c2489e","message":"All files have been processed successfully"}
{"timestamp":"2018-10-27 13:46:54","label":"[eComp]","level":"info","correlationId":"ab442f76-e5ce-49b3-af53-110869c2489e","message":"updating logs for  --D:\\Data\\Data Migration\\DM-UTILITY\\inbox/AccountIndustryExperiance1/OSvC_AccIndExp_20181017163139_2975001.csv"}
{"timestamp":"2018-10-27 13:46:54","label":"[eComp]","level":"info","correlationId":"ab442f76-e5ce-49b3-af53-110869c2489e","message":"Logs written and Done for -->D:\\Data\\Data Migration\\DM-UTILITY\\inbox/AccountIndustryExperiance1/OSvC_AccIndExp_20181017163139_2975001.csv"}
{"timestamp":"2018-10-27 13:46:54","label":"[eComp]","level":"info","correlationId":"ab442f76-e5ce-49b3-af53-110869c2489e","message":"Moving processed file"}
{"timestamp":"2018-10-27 13:46:54","label":"[eComp]","level":"info","correlationId":"ab442f76-e5ce-49b3-af53-110869c2489e","message":"Successfully Moved:--OSvC_AccIndExp_20181017163139_2975001.csv from -D:\\Data\\Data Migration\\DM-UTILITY\\inbox\\AccountIndustryExperiance1\\OSvC_AccIndExp_20181017163139_2975001.csv to ->D:\\Data\\Data Migration\\DM-UTILITY\\outbox\\AccountIndustryExperiance1\\OSvC_AccIndExp_20181017163139_2975001.csv"}
